[2021-03-21 20:36:28] : DC [14955] - MSG SENT - Status 0 (Everything is OKAY)
[2021-03-21 20:36:39] : DC [14955] - MSG SENT - Status 4 (Operating Temparature Out of Range)
[2021-03-21 20:36:58] : DC [14955] - MSG SENT - Status 5 (Operator Error)
[2021-03-21 20:37:14] : DC [14962] - MSG SENT - Status 0 (Everything is OKAY)
[2021-03-21 20:37:16] : DC [14955] - MSG SENT - Status 3 (No Raw Material in the Process)
[2021-03-21 20:37:25] : DC [14962] - MSG SENT - Status 4 (Operating Temparature Out of Range)
[2021-03-21 20:37:36] : DC [14955] - MSG SENT - Status 2 (Safety Button Failure)
[2021-03-21 20:37:44] : DC [14962] - MSG SENT - Status 5 (Operator Error)
[2021-03-21 20:37:55] : DC [14988] - MSG SENT - Status 0 (Everything is OKAY)
[2021-03-21 20:38:01] : DC [14955] - MSG SENT - Status 3 (No Raw Material in the Process)
[2021-03-21 20:38:02] : DC [14962] - MSG SENT - Status 3 (No Raw Material in the Process)
[2021-03-21 20:38:06] : DC [14988] - MSG SENT - Status 4 (Operating Temparature Out of Range)
[2021-03-21 20:38:13] : DC [14955] - MSG SENT - Status 5 (Operator Error)
[2021-03-21 20:38:22] : DC [14962] - MSG SENT - Status 2 (Safety Button Failure)
[2021-03-21 20:38:25] : DC [14988] - MSG SENT - Status 5 (Operator Error)
[2021-03-21 20:38:43] : DC [14988] - MSG SENT - Status 3 (No Raw Material in the Process)
[2021-03-21 20:38:47] : DC [14962] - MSG SENT - Status 3 (No Raw Material in the Process)
[2021-03-21 20:38:59] : DC [14962] - MSG SENT - Status 5 (Operator Error)
[2021-03-21 20:39:03] : DC [14988] - MSG SENT - Status 2 (Safety Button Failure)
[2021-03-21 20:39:28] : DC [14988] - MSG SENT - Status 3 (No Raw Material in the Process)
[2021-03-21 20:39:29] : DC [14962] - MSG SENT - Status 4 (Operating Temparature Out of Range)
[2021-03-21 20:39:40] : DC [14988] - MSG SENT - Status 5 (Operator Error)
[2021-03-21 20:39:59] : DC [14962] - MSG SENT - Status 0 (Everything is OKAY)
[2021-03-21 20:40:10] : DC [14988] - MSG SENT - Status 4 (Operating Temparature Out of Range)
[2021-03-21 20:40:12] : DC [14962] - MSG SENT - Status 1 (Hydraulic Pressure Failure)
[2021-03-21 20:40:40] : DC [14988] - MSG SENT - Status 0 (Everything is OKAY)
[2021-03-21 20:40:53] : DC [14988] - MSG SENT - Status 1 (Hydraulic Pressure Failure)
[2021-03-21 20:41:19] : DC [14988] - MSG SENT - Status 2 (Safety Button Failure)
[2021-03-21 20:41:46] : DC [14988] - MSG SENT - Status 0 (Everything is OKAY)
[2021-03-21 20:42:08] : DC [14988] - MSG SENT - Status 2 (Safety Button Failure)
[2021-03-21 20:42:20] : DC [14988] - MSG SENT - Status 5 (Operator Error)
[2021-03-21 20:56:42] : DC [15391] - MSG SENT - Status 0 (Everything is OKAY)
[2021-03-21 20:56:53] : DC [15391] - MSG SENT - Status 4 (Operating Temparature Out of Range)
[2021-03-21 20:56:54] : DC [15413] - MSG SENT - Status 0 (Everything is OKAY)
[2021-03-21 20:57:04] : DC [15437] - MSG SENT - Status 0 (Everything is OKAY)
[2021-03-21 20:57:05] : DC [15413] - MSG SENT - Status 4 (Operating Temparature Out of Range)
[2021-03-21 20:57:12] : DC [15391] - MSG SENT - Status 5 (Operator Error)
[2021-03-21 20:57:15] : DC [15437] - MSG SENT - Status 4 (Operating Temparature Out of Range)
[2021-03-21 20:57:24] : DC [15413] - MSG SENT - Status 5 (Operator Error)
[2021-03-21 20:57:30] : DC [15391] - MSG SENT - Status 3 (No Raw Material in the Process)
[2021-03-21 20:57:34] : DC [15437] - MSG SENT - Status 5 (Operator Error)
[2021-03-21 20:57:42] : DC [15413] - MSG SENT - Status 3 (No Raw Material in the Process)
[2021-03-21 20:57:50] : DC [15391] - MSG SENT - Status 2 (Safety Button Failure)
[2021-03-21 20:57:52] : DC [15437] - MSG SENT - Status 3 (No Raw Material in the Process)
[2021-03-21 20:58:02] : DC [15413] - MSG SENT - Status 2 (Safety Button Failure)
[2021-03-21 20:58:12] : DC [15437] - MSG SENT - Status 2 (Safety Button Failure)
[2021-03-21 20:58:15] : DC [15391] - MSG SENT - Status 3 (No Raw Material in the Process)
[2021-03-21 20:58:27] : DC [15391] - MSG SENT - Status 5 (Operator Error)
[2021-03-21 20:58:27] : DC [15413] - MSG SENT - Status 3 (No Raw Material in the Process)
[2021-03-21 20:58:37] : DC [15437] - MSG SENT - Status 3 (No Raw Material in the Process)
[2021-03-21 20:58:39] : DC [15413] - MSG SENT - Status 5 (Operator Error)
[2021-03-21 20:58:49] : DC [15437] - MSG SENT - Status 5 (Operator Error)
[2021-03-21 20:58:57] : DC [15391] - MSG SENT - Status 4 (Operating Temparature Out of Range)
[2021-03-21 20:59:09] : DC [15413] - MSG SENT - Status 4 (Operating Temparature Out of Range)
[2021-03-21 20:59:19] : DC [15437] - MSG SENT - Status 4 (Operating Temparature Out of Range)
[2021-03-21 20:59:27] : DC [15391] - MSG SENT - Status 0 (Everything is OKAY)
[2021-03-21 20:59:39] : DC [15413] - MSG SENT - Status 0 (Everything is OKAY)
[2021-03-21 20:59:40] : DC [15391] - MSG SENT - Status 1 (Hydraulic Pressure Failure)
[2021-03-21 20:59:49] : DC [15437] - MSG SENT - Status 0 (Everything is OKAY)
[2021-03-21 20:59:52] : DC [15413] - MSG SENT - Status 1 (Hydraulic Pressure Failure)
[2021-03-21 21:00:02] : DC [15437] - MSG SENT - Status 1 (Hydraulic Pressure Failure)
[2021-03-21 21:00:06] : DC [15391] - MSG SENT - Status 2 (Safety Button Failure)
[2021-03-21 21:00:18] : DC [15413] - MSG SENT - Status 2 (Safety Button Failure)
[2021-03-21 21:00:28] : DC [15437] - MSG SENT - Status 2 (Safety Button Failure)
[2021-03-21 21:00:33] : DC [15391] - MSG SENT - Status 0 (Everything is OKAY)
[2021-03-21 21:00:45] : DC [15413] - MSG SENT - Status 0 (Everything is OKAY)
[2021-03-21 21:00:55] : DC [15437] - MSG SENT - Status 0 (Everything is OKAY)
[2021-03-21 21:01:07] : DC [15413] - MSG SENT - Status 2 (Safety Button Failure)
[2021-03-21 21:01:17] : DC [15437] - MSG SENT - Status 2 (Safety Button Failure)
[2021-03-21 21:01:19] : DC [15413] - MSG SENT - Status 5 (Operator Error)
[2021-03-21 21:01:29] : DC [15437] - MSG SENT - Status 5 (Operator Error)
[2021-03-21 21:01:34] : DC [15413] - MSG SENT - Status 6 (Machine is Off-line)
[2021-03-21 21:01:44] : DC [15437] - MSG SENT - Status 6 (Machine is Off-line)
[2021-03-21 21:06:25] : DC [15552] - MSG SENT - Status 0 (Everything is OKAY)
[2021-03-21 21:06:36] : DC [15552] - MSG SENT - Status 4 (Operating Temparature Out of Range)
[2021-03-21 21:06:46] : DC [15576] - MSG SENT - Status 0 (Everything is OKAY)
[2021-03-21 21:06:55] : DC [15552] - MSG SENT - Status 5 (Operator Error)
[2021-03-21 21:06:57] : DC [15576] - MSG SENT - Status 4 (Operating Temparature Out of Range)
[2021-03-21 21:07:00] : DC [15583] - MSG SENT - Status 0 (Everything is OKAY)
[2021-03-21 21:07:11] : DC [15583] - MSG SENT - Status 4 (Operating Temparature Out of Range)
[2021-03-21 21:07:13] : DC [15552] - MSG SENT - Status 3 (No Raw Material in the Process)
[2021-03-21 21:07:16] : DC [15576] - MSG SENT - Status 5 (Operator Error)
[2021-03-21 21:07:30] : DC [15583] - MSG SENT - Status 5 (Operator Error)
[2021-03-21 21:07:33] : DC [15552] - MSG SENT - Status 2 (Safety Button Failure)
[2021-03-21 21:07:34] : DC [15576] - MSG SENT - Status 3 (No Raw Material in the Process)
[2021-03-21 21:07:48] : DC [15583] - MSG SENT - Status 3 (No Raw Material in the Process)
[2021-03-21 21:07:54] : DC [15576] - MSG SENT - Status 2 (Safety Button Failure)
[2021-03-21 21:07:58] : DC [15552] - MSG SENT - Status 3 (No Raw Material in the Process)
[2021-03-21 21:08:08] : DC [15583] - MSG SENT - Status 2 (Safety Button Failure)
[2021-03-21 21:08:10] : DC [15552] - MSG SENT - Status 5 (Operator Error)
[2021-03-21 21:08:33] : DC [15583] - MSG SENT - Status 3 (No Raw Material in the Process)
[2021-03-21 21:08:40] : DC [15552] - MSG SENT - Status 4 (Operating Temparature Out of Range)
[2021-03-21 21:08:45] : DC [15583] - MSG SENT - Status 5 (Operator Error)
[2021-03-21 21:09:10] : DC [15552] - MSG SENT - Status 0 (Everything is OKAY)
[2021-03-21 21:09:15] : DC [15583] - MSG SENT - Status 4 (Operating Temparature Out of Range)
[2021-03-21 21:09:23] : DC [15552] - MSG SENT - Status 1 (Hydraulic Pressure Failure)
[2021-03-21 21:09:45] : DC [15583] - MSG SENT - Status 0 (Everything is OKAY)
[2021-03-21 21:09:49] : DC [15552] - MSG SENT - Status 2 (Safety Button Failure)
[2021-03-21 21:09:58] : DC [15583] - MSG SENT - Status 1 (Hydraulic Pressure Failure)
[2021-03-21 21:10:16] : DC [15552] - MSG SENT - Status 0 (Everything is OKAY)
[2021-03-21 21:10:24] : DC [15583] - MSG SENT - Status 2 (Safety Button Failure)
[2021-03-21 21:10:38] : DC [15552] - MSG SENT - Status 2 (Safety Button Failure)
[2021-03-21 21:10:50] : DC [15552] - MSG SENT - Status 5 (Operator Error)
[2021-03-21 21:10:51] : DC [15583] - MSG SENT - Status 0 (Everything is OKAY)
[2021-03-21 21:11:05] : DC [15552] - MSG SENT - Status 6 (Machine is Off-line)
[2021-03-21 21:11:13] : DC [15583] - MSG SENT - Status 2 (Safety Button Failure)
[2021-03-21 21:11:25] : DC [15583] - MSG SENT - Status 5 (Operator Error)
[2021-03-21 21:11:40] : DC [15583] - MSG SENT - Status 6 (Machine is Off-line)
[2021-03-21 21:14:01] : DC [15751] - MSG SENT - Status 0 (Everything is OKAY)
[2021-03-21 21:14:09] : DC [15753] - MSG SENT - Status 0 (Everything is OKAY)
[2021-03-21 21:14:12] : DC [15751] - MSG SENT - Status 4 (Operating Temparature Out of Range)
[2021-03-21 21:14:20] : DC [15753] - MSG SENT - Status 4 (Operating Temparature Out of Range)
[2021-03-21 21:14:26] : DC [15774] - MSG SENT - Status 0 (Everything is OKAY)
[2021-03-21 21:14:31] : DC [15751] - MSG SENT - Status 5 (Operator Error)
[2021-03-21 21:14:37] : DC [15774] - MSG SENT - Status 4 (Operating Temparature Out of Range)
[2021-03-21 21:14:39] : DC [15753] - MSG SENT - Status 5 (Operator Error)
[2021-03-21 21:14:49] : DC [15751] - MSG SENT - Status 3 (No Raw Material in the Process)
[2021-03-21 21:14:56] : DC [15774] - MSG SENT - Status 5 (Operator Error)
[2021-03-21 21:14:57] : DC [15753] - MSG SENT - Status 3 (No Raw Material in the Process)
[2021-03-21 21:15:09] : DC [15751] - MSG SENT - Status 2 (Safety Button Failure)
[2021-03-21 21:15:14] : DC [15774] - MSG SENT - Status 3 (No Raw Material in the Process)
[2021-03-21 21:15:17] : DC [15753] - MSG SENT - Status 2 (Safety Button Failure)
[2021-03-21 21:15:34] : DC [15751] - MSG SENT - Status 3 (No Raw Material in the Process)
[2021-03-21 21:15:42] : DC [15753] - MSG SENT - Status 3 (No Raw Material in the Process)
[2021-03-21 21:15:46] : DC [15751] - MSG SENT - Status 5 (Operator Error)
[2021-03-21 21:15:54] : DC [15753] - MSG SENT - Status 5 (Operator Error)
[2021-03-21 21:16:16] : DC [15751] - MSG SENT - Status 4 (Operating Temparature Out of Range)
[2021-03-21 21:16:24] : DC [15753] - MSG SENT - Status 4 (Operating Temparature Out of Range)
[2021-03-21 21:16:46] : DC [15751] - MSG SENT - Status 0 (Everything is OKAY)
[2021-03-21 21:16:54] : DC [15753] - MSG SENT - Status 0 (Everything is OKAY)
[2021-03-21 21:16:59] : DC [15751] - MSG SENT - Status 1 (Hydraulic Pressure Failure)
[2021-03-21 21:17:25] : DC [15751] - MSG SENT - Status 2 (Safety Button Failure)
[2021-03-21 21:17:52] : DC [15751] - MSG SENT - Status 0 (Everything is OKAY)
[2021-03-21 21:18:14] : DC [15751] - MSG SENT - Status 2 (Safety Button Failure)
[2021-03-21 21:18:26] : DC [15751] - MSG SENT - Status 5 (Operator Error)
[2021-03-21 21:18:41] : DC [15751] - MSG SENT - Status 6 (Machine is Off-line)
[2021-03-21 21:26:20] : DC [15917] - MSG SENT - Status 0 (Everything is OKAY)
[2021-03-21 21:26:31] : DC [15917] - MSG SENT - Status 4 (Operating Temparature Out of Range)
[2021-03-21 21:27:43] : DC [15950] - MSG SENT - Status 0 (Everything is OKAY)
[2021-03-21 21:27:54] : DC [15950] - MSG SENT - Status 4 (Operating Temparature Out of Range)
[2021-03-21 21:28:02] : DC [15955] - MSG SENT - Status 0 (Everything is OKAY)
[2021-03-21 21:28:13] : DC [15950] - MSG SENT - Status 5 (Operator Error)
[2021-03-21 21:28:13] : DC [15955] - MSG SENT - Status 4 (Operating Temparature Out of Range)
[2021-03-21 21:28:24] : DC [15972] - MSG SENT - Status 0 (Everything is OKAY)
[2021-03-21 21:28:31] : DC [15950] - MSG SENT - Status 3 (No Raw Material in the Process)
[2021-03-21 21:28:32] : DC [15955] - MSG SENT - Status 5 (Operator Error)
[2021-03-21 21:28:35] : DC [15972] - MSG SENT - Status 4 (Operating Temparature Out of Range)
[2021-03-21 21:28:50] : DC [15955] - MSG SENT - Status 3 (No Raw Material in the Process)
[2021-03-21 21:28:51] : DC [15950] - MSG SENT - Status 2 (Safety Button Failure)
[2021-03-21 21:29:10] : DC [15955] - MSG SENT - Status 2 (Safety Button Failure)
[2021-03-21 21:29:16] : DC [15950] - MSG SENT - Status 3 (No Raw Material in the Process)
[2021-03-21 21:29:28] : DC [15950] - MSG SENT - Status 5 (Operator Error)
[2021-03-21 21:29:35] : DC [15955] - MSG SENT - Status 3 (No Raw Material in the Process)
[2021-03-21 21:29:47] : DC [15955] - MSG SENT - Status 5 (Operator Error)
[2021-03-21 21:29:58] : DC [15950] - MSG SENT - Status 4 (Operating Temparature Out of Range)
[2021-03-21 21:30:17] : DC [15955] - MSG SENT - Status 4 (Operating Temparature Out of Range)
[2021-03-21 21:30:28] : DC [15950] - MSG SENT - Status 0 (Everything is OKAY)
[2021-03-21 21:30:41] : DC [15950] - MSG SENT - Status 1 (Hydraulic Pressure Failure)
[2021-03-21 21:30:47] : DC [15955] - MSG SENT - Status 0 (Everything is OKAY)
[2021-03-21 21:31:00] : DC [15955] - MSG SENT - Status 1 (Hydraulic Pressure Failure)
[2021-03-21 21:31:07] : DC [15950] - MSG SENT - Status 2 (Safety Button Failure)
[2021-03-21 21:31:26] : DC [15955] - MSG SENT - Status 2 (Safety Button Failure)
[2021-03-21 21:31:34] : DC [15950] - MSG SENT - Status 0 (Everything is OKAY)
[2021-03-21 21:31:56] : DC [15950] - MSG SENT - Status 2 (Safety Button Failure)
[2021-03-21 21:32:08] : DC [15950] - MSG SENT - Status 5 (Operator Error)
[2021-03-21 21:32:23] : DC [15950] - MSG SENT - Status 6 (Machine is Off-line)
[2021-03-21 21:33:16] : DC [16066] - MSG SENT - Status 0 (Everything is OKAY)
[2021-03-21 21:33:20] : DC [16068] - MSG SENT - Status 0 (Everything is OKAY)
[2021-03-21 21:33:27] : DC [16066] - MSG SENT - Status 4 (Operating Temparature Out of Range)
[2021-03-21 21:33:31] : DC [16068] - MSG SENT - Status 4 (Operating Temparature Out of Range)
[2021-03-21 21:33:34] : DC [16072] - MSG SENT - Status 0 (Everything is OKAY)
[2021-03-21 21:33:45] : DC [16072] - MSG SENT - Status 4 (Operating Temparature Out of Range)
[2021-03-21 21:33:46] : DC [16066] - MSG SENT - Status 5 (Operator Error)
[2021-03-21 21:33:50] : DC [16068] - MSG SENT - Status 5 (Operator Error)
[2021-03-21 21:34:04] : DC [16072] - MSG SENT - Status 5 (Operator Error)
[2021-03-21 21:34:04] : DC [16066] - MSG SENT - Status 3 (No Raw Material in the Process)
[2021-03-21 21:34:08] : DC [16068] - MSG SENT - Status 3 (No Raw Material in the Process)
[2021-03-21 21:34:24] : DC [16066] - MSG SENT - Status 2 (Safety Button Failure)
[2021-03-21 21:34:28] : DC [16068] - MSG SENT - Status 2 (Safety Button Failure)
[2021-03-21 21:34:49] : DC [16066] - MSG SENT - Status 3 (No Raw Material in the Process)
[2021-03-21 21:34:53] : DC [16068] - MSG SENT - Status 3 (No Raw Material in the Process)
[2021-03-21 21:35:01] : DC [16066] - MSG SENT - Status 5 (Operator Error)
[2021-03-21 21:35:05] : DC [16068] - MSG SENT - Status 5 (Operator Error)
[2021-03-21 21:35:31] : DC [16066] - MSG SENT - Status 4 (Operating Temparature Out of Range)
[2021-03-21 21:35:35] : DC [16068] - MSG SENT - Status 4 (Operating Temparature Out of Range)
[2021-03-21 21:36:01] : DC [16066] - MSG SENT - Status 0 (Everything is OKAY)
[2021-03-21 21:36:05] : DC [16068] - MSG SENT - Status 0 (Everything is OKAY)
[2021-03-21 21:36:14] : DC [16066] - MSG SENT - Status 1 (Hydraulic Pressure Failure)
[2021-03-21 21:36:18] : DC [16068] - MSG SENT - Status 1 (Hydraulic Pressure Failure)
[2021-03-21 21:36:40] : DC [16066] - MSG SENT - Status 2 (Safety Button Failure)
[2021-03-21 21:36:44] : DC [16068] - MSG SENT - Status 2 (Safety Button Failure)
[2021-03-21 21:37:07] : DC [16066] - MSG SENT - Status 0 (Everything is OKAY)
[2021-03-21 21:37:29] : DC [16066] - MSG SENT - Status 2 (Safety Button Failure)
[2021-03-21 21:37:41] : DC [16066] - MSG SENT - Status 5 (Operator Error)
[2021-03-21 21:37:56] : DC [16066] - MSG SENT - Status 6 (Machine is Off-line)
